Using pre-set license
Built from '2020.3/staging' branch; Version is '2020.3.13f1 (71691879b7f5) revision 7432472'; Using compiler version '192528614'; Build Type 'Release'
OS: 'Windows 10 Pro; OS build 19043.1586; Version 2009; 64bit' Language: 'ru' Physical Memory: 32673 MB
BatchMode: 1, IsHumanControllingUs: 0, StartBugReporterOnCrash: 0, Is64bit: 1, IsPro: 0

 COMMAND LINE ARGUMENTS:
C:\Program Files\Unity\Hub\Editor\2020.3.13f1\Editor\Unity.exe
-adb2
-batchMode
-noUpm
-name
AssetImportWorker0
-projectPath
C:/UnityProjects/VRIndustryRepository/VRIndustryProject
-logFile
Logs/AssetImportWorker0.log
-srvPort
52534
Successfully changed project path to: C:/UnityProjects/VRIndustryRepository/VRIndustryProject
C:/UnityProjects/VRIndustryRepository/VRIndustryProject
Using Asset Import Pipeline V2.
Refreshing native plugins compatible for Editor in 94.38 ms, found 6 plugins.
Preloading 1 native plugins for Editor in 0.76 ms.
Initialize engine version: 2020.3.13f1 (71691879b7f5)
[Subsystems] Discovering subsystems at path C:/Program Files/Unity/Hub/Editor/2020.3.13f1/Editor/Data/Resources/UnitySubsystems
[Subsystems] Discovering subsystems at path C:/UnityProjects/VRIndustryRepository/VRIndustryProject/Assets
GfxDevice: creating device client; threaded=0
Direct3D:
    Version:  Direct3D 11.0 [level 11.1]
    Renderer: NVIDIA GeForce RTX 3070 (ID=0x2484)
    Vendor:   
    VRAM:     8043 MB
    Driver:   27.21.14.6140
Shader 'Oculus/OVRMRCameraFrameLit': fallback shader 'Alpha-Diffuse' not found
Initialize mono
Mono path[0] = 'C:/Program Files/Unity/Hub/Editor/2020.3.13f1/Editor/Data/Managed'
Mono path[1] = 'C:/Program Files/Unity/Hub/Editor/2020.3.13f1/Editor/Data/MonoBleedingEdge/lib/mono/unityjit'
Mono config path = 'C:/Program Files/Unity/Hub/Editor/2020.3.13f1/Editor/Data/MonoBleedingEdge/etc'
Using monoOptions --debugger-agent=transport=dt_socket,embedding=1,server=y,suspend=n,address=127.0.0.1:56516
Begin MonoManager ReloadAssembly
Registering precompiled unity dll's ...
Register platform support module: C:/Program Files/Unity/Hub/Editor/2020.3.13f1/Editor/Data/PlaybackEngines/WindowsStandaloneSupport/UnityEditor.WindowsStandalone.Extensions.dll
Registered in 0.001575 seconds.
Native extension for WindowsStandalone target not found
Refreshing native plugins compatible for Editor in 90.83 ms, found 6 plugins.
Preloading 1 native plugins for Editor in 0.09 ms.
Mono: successfully reloaded assembly
- Completed reload, in  1.217 seconds
Platform modules already initialized, skipping
Registering precompiled user dll's ...
Registered in 0.005856 seconds.
Begin MonoManager ReloadAssembly
Native extension for WindowsStandalone target not found
Refreshing native plugins compatible for Editor in 82.57 ms, found 6 plugins.
Preloading 1 native plugins for Editor in 0.10 ms.
[XR] OculusXRPlugin: registering subsystems
[XR] Unable to register display lifecyle provider: [1]
[XR] Oculus Input lifecycle provider registered.
[XR] Unable to register input lifecyle provider: [1]
[XR] OVRP version 1.69.0
Mono: successfully reloaded assembly
- Completed reload, in  1.121 seconds
Platform modules already initialized, skipping
========================================================================
Worker process is ready to serve import requests
Shader 'Universal Render Pipeline/Particles/Lit': fallback shader 'Universal Render Pipeline/Particles/SimpleLit' not found
Shader 'Oculus/OVRMRCameraFrameLit': fallback shader 'Alpha-Diffuse' not found
Shader 'Universal Render Pipeline/Particles/Lit': fallback shader 'Universal Render Pipeline/Particles/SimpleLit' not found
Launched and connected shader compiler UnityShaderCompiler.exe after 0.03 seconds
Refreshing native plugins compatible for Editor in 1.72 ms, found 6 plugins.
Preloading 1 native plugins for Editor in 0.07 ms.
Unloading 4118 Unused Serialized files (Serialized files now loaded: 0)
System memory in use before: 192.3 MB.
System memory in use after: 189.9 MB.

Unloading 79 unused Assets to reduce memory usage. Loaded Objects now: 4504.
Total: 3.587500 ms (FindLiveObjects: 0.313300 ms CreateObjectMapping: 0.181200 ms MarkObjects: 2.074100 ms  DeleteObjects: 1.018100 ms)

AssetImportParameters requested are different than current active one (requested -> active):
  custom:framework-win-MediaFoundation: 216162199b28c13a410421893ffa2e32 -> 
  custom:video-decoder-ogg-theora: a1e56fd34408186e4bbccfd4996cb3dc -> 
  custom:container-muxer-webm: aa71ff27fc2769a1b78a27578f13a17b -> 
  custom:container-demuxer-webm: 4f35f7cbe854078d1ac9338744f61a02 -> 
  custom:container-demuxer-ogg: 62fdf1f143b41e24485cea50d1cbac27 -> 
  custom:video-encoder-webm-vp8: eb34c28f22e8b96e1ab97ce403110664 -> 
  custom:video-decoder-webm-vp8: 9c59270c3fd7afecdb556c50c9e8de78 -> 
  custom:audio-decoder-ogg-vorbis: bf7c407c2cedff20999df2af8eb42d56 -> 
  custom:audio-encoder-webm-vorbis: bf7c407c2cedff20999df2af8eb42d56 -> 
========================================================================
Received Import Request.
  path: Assets/3rd Party/HurricaneVR/Framework/HVRController.cs
  artifactKey: Guid(c59d950586f74df5b9d25caf78874ce0) Importer(815301076,1909f56bfc062723c751e8b465ee728b)
Start importing Assets/3rd Party/HurricaneVR/Framework/HVRController.cs using Guid(c59d950586f74df5b9d25caf78874ce0) Importer(815301076,1909f56bfc062723c751e8b465ee728b)  -> (artifact id: 'ccae2a213ad904e434f4e3dfcf5fc90d') in 0.021260 seconds 
  Import took 0.026378 seconds .

========================================================================
Received Import Request.
  Time since last request: 37.584785 seconds.
  path: Assets/3rd Party/HurricaneVR/Framework/HVRController.cs
  artifactKey: Guid(c59d950586f74df5b9d25caf78874ce0) Importer(815301076,1909f56bfc062723c751e8b465ee728b)
Start importing Assets/3rd Party/HurricaneVR/Framework/HVRController.cs using Guid(c59d950586f74df5b9d25caf78874ce0) Importer(815301076,1909f56bfc062723c751e8b465ee728b)  -> (artifact id: '7d8435a8e00feafd383cd888b0b92032') in 0.002313 seconds 
  Import took 0.007916 seconds .

========================================================================
Received Import Request.
  Time since last request: 10.360658 seconds.
  path: Assets/3rd Party/HurricaneVR/Framework/HVRController.cs
  artifactKey: Guid(c59d950586f74df5b9d25caf78874ce0) Importer(815301076,1909f56bfc062723c751e8b465ee728b)
Start importing Assets/3rd Party/HurricaneVR/Framework/HVRController.cs using Guid(c59d950586f74df5b9d25caf78874ce0) Importer(815301076,1909f56bfc062723c751e8b465ee728b)  -> (artifact id: '63ccc97867deadccf5c26dea5947f043') in 0.001957 seconds 
  Import took 0.007269 seconds .

========================================================================
Received Import Request.
  Time since last request: 139.443914 seconds.
  path: Assets/3rd Party/HurricaneVR/Framework/HVRController.cs
  artifactKey: Guid(c59d950586f74df5b9d25caf78874ce0) Importer(815301076,1909f56bfc062723c751e8b465ee728b)
Start importing Assets/3rd Party/HurricaneVR/Framework/HVRController.cs using Guid(c59d950586f74df5b9d25caf78874ce0) Importer(815301076,1909f56bfc062723c751e8b465ee728b)  -> (artifact id: 'f19cd407db62133651bcf4357e0a0b7b') in 0.005477 seconds 
  Import took 0.011411 seconds .

========================================================================
Received Import Request.
  Time since last request: 67.425680 seconds.
  path: Assets/3rd Party/HurricaneVR/Framework/HVRController.cs
  artifactKey: Guid(c59d950586f74df5b9d25caf78874ce0) Importer(815301076,1909f56bfc062723c751e8b465ee728b)
Start importing Assets/3rd Party/HurricaneVR/Framework/HVRController.cs using Guid(c59d950586f74df5b9d25caf78874ce0) Importer(815301076,1909f56bfc062723c751e8b465ee728b)  -> (artifact id: '12761afad93e0b9e3ed991dbcf4bdd96') in 0.012902 seconds 
  Import took 0.022435 seconds .

========================================================================
Received Import Request.
  Time since last request: 49.326523 seconds.
  path: Assets/3rd Party/HurricaneVR/Framework/Scripts
  artifactKey: Guid(203cfafeecf7c4243907a25675522728) Importer(815301076,1909f56bfc062723c751e8b465ee728b)
Start importing Assets/3rd Party/HurricaneVR/Framework/Scripts using Guid(203cfafeecf7c4243907a25675522728) Importer(815301076,1909f56bfc062723c751e8b465ee728b)  -> (artifact id: '6c5785fa012bbfc37067c5fbcb1ba1cf') in 0.004916 seconds 
  Import took 0.019561 seconds .

========================================================================
Received Import Request.
  Time since last request: 0.091576 seconds.
  path: Assets/3rd Party/HurricaneVR/Framework/Scripts/HurricaneVR.Framework.asmdef
  artifactKey: Guid(d55e7dbb51eb1824ba366c6c892d969e) Importer(815301076,1909f56bfc062723c751e8b465ee728b)
Start importing Assets/3rd Party/HurricaneVR/Framework/Scripts/HurricaneVR.Framework.asmdef using Guid(d55e7dbb51eb1824ba366c6c892d969e) Importer(815301076,1909f56bfc062723c751e8b465ee728b)  -> (artifact id: 'ef94b41ecdc52f1d6c37bcb55f4719ad') in 0.023193 seconds 
  Import took 0.030909 seconds .

========================================================================
Received Import Request.
  Time since last request: 8.186798 seconds.
  path: Assets/3rd Party/HurricaneVR/Framework/Scripts/Components
  artifactKey: Guid(91ad5e85488a9994e8c254c2a88a77ad) Importer(815301076,1909f56bfc062723c751e8b465ee728b)
Start importing Assets/3rd Party/HurricaneVR/Framework/Scripts/Components using Guid(91ad5e85488a9994e8c254c2a88a77ad) Importer(815301076,1909f56bfc062723c751e8b465ee728b)  -> (artifact id: '28459afc45d1b3888627d61e546b4d59') in 0.008382 seconds 
  Import took 0.014927 seconds .

========================================================================
Received Import Request.
  Time since last request: 0.659969 seconds.
  path: Assets/3rd Party/HurricaneVR/Framework/Scripts/ControllerInput
  artifactKey: Guid(b0c3b4fd1ff88ab4ebcc76efa7ad486a) Importer(815301076,1909f56bfc062723c751e8b465ee728b)
Start importing Assets/3rd Party/HurricaneVR/Framework/Scripts/ControllerInput using Guid(b0c3b4fd1ff88ab4ebcc76efa7ad486a) Importer(815301076,1909f56bfc062723c751e8b465ee728b)  -> (artifact id: '69adba42f6dc2cb43bc7867f1f8d6516') in 0.004912 seconds 
  Import took 0.010701 seconds .

========================================================================
Received Import Request.
  Time since last request: 0.544049 seconds.
  path: Assets/3rd Party/HurricaneVR/Framework/Scripts/Core
  artifactKey: Guid(67f77b331d3b24240ac0cd74bd679f1a) Importer(815301076,1909f56bfc062723c751e8b465ee728b)
Start importing Assets/3rd Party/HurricaneVR/Framework/Scripts/Core using Guid(67f77b331d3b24240ac0cd74bd679f1a) Importer(815301076,1909f56bfc062723c751e8b465ee728b)  -> (artifact id: '2ae9284615262bb8b28987bf80988623') in 0.006074 seconds 
  Import took 0.011494 seconds .

========================================================================
Received Import Request.
  Time since last request: 0.512664 seconds.
  path: Assets/3rd Party/HurricaneVR/Framework/Scripts/SteamVR
  artifactKey: Guid(bd53625bcff82ac4399f2eb6dc932be5) Importer(815301076,1909f56bfc062723c751e8b465ee728b)
Start importing Assets/3rd Party/HurricaneVR/Framework/Scripts/SteamVR using Guid(bd53625bcff82ac4399f2eb6dc932be5) Importer(815301076,1909f56bfc062723c751e8b465ee728b)  -> (artifact id: '85a6bf4d4305ea596491644ac61d0edd') in 0.004639 seconds 
  Import took 0.009938 seconds .

========================================================================
Received Import Request.
  Time since last request: 1.473383 seconds.
  path: Assets/3rd Party/HurricaneVR/Framework/Scripts/Weapons
  artifactKey: Guid(93f6119f38a95044a9b7709a6f4c582e) Importer(815301076,1909f56bfc062723c751e8b465ee728b)
Start importing Assets/3rd Party/HurricaneVR/Framework/Scripts/Weapons using Guid(93f6119f38a95044a9b7709a6f4c582e) Importer(815301076,1909f56bfc062723c751e8b465ee728b)  -> (artifact id: '75b3f526190faf374efff2bd296767e1') in 0.004765 seconds 
  Import took 0.010290 seconds .

========================================================================
Received Import Request.
  Time since last request: 10.140595 seconds.
  path: Assets/3rd Party/HurricaneVR/Framework/Scripts/Core/HVRSettings.cs
  artifactKey: Guid(0b3a39c3d29bcbf45b97a504fc1dedbe) Importer(815301076,1909f56bfc062723c751e8b465ee728b)
Start importing Assets/3rd Party/HurricaneVR/Framework/Scripts/Core/HVRSettings.cs using Guid(0b3a39c3d29bcbf45b97a504fc1dedbe) Importer(815301076,1909f56bfc062723c751e8b465ee728b)  -> (artifact id: 'f5821d9fafc7d6ab927b3dde76e4b67e') in 0.004830 seconds 
  Import took 0.011537 seconds .

========================================================================
Received Import Request.
  Time since last request: 0.000306 seconds.
  path: Assets/3rd Party/HurricaneVR/Framework/Scripts/Core/HVRSettings.cs
  artifactKey: Guid(0b3a39c3d29bcbf45b97a504fc1dedbe) Importer(815301076,1909f56bfc062723c751e8b465ee728b)
Start importing Assets/3rd Party/HurricaneVR/Framework/Scripts/Core/HVRSettings.cs using Guid(0b3a39c3d29bcbf45b97a504fc1dedbe) Importer(815301076,1909f56bfc062723c751e8b465ee728b)  -> (artifact id: 'f5821d9fafc7d6ab927b3dde76e4b67e') in 0.002623 seconds 
  Import took 0.009789 seconds .

========================================================================
Received Import Request.
  Time since last request: 5.816790 seconds.
  path: Assets/3rd Party/HurricaneVR/Framework/Resources/HVR_ForcePullSettings.asset
  artifactKey: Guid(68c393e85bc4d514bb4c3f3a5a8997d6) Importer(815301076,1909f56bfc062723c751e8b465ee728b)
Start importing Assets/3rd Party/HurricaneVR/Framework/Resources/HVR_ForcePullSettings.asset using Guid(68c393e85bc4d514bb4c3f3a5a8997d6) Importer(815301076,1909f56bfc062723c751e8b465ee728b)  -> (artifact id: '0782acde15e20396bcad57e6582a8442') in 0.009089 seconds 
  Import took 0.016976 seconds .

========================================================================
Received Import Request.
  Time since last request: 0.000178 seconds.
  path: Assets/3rd Party/HurricaneVR/Framework/Resources/HVREditorPreferences.asset
  artifactKey: Guid(f2a765286af85ba4badd7e18e58c3169) Importer(815301076,1909f56bfc062723c751e8b465ee728b)
Start importing Assets/3rd Party/HurricaneVR/Framework/Resources/HVREditorPreferences.asset using Guid(f2a765286af85ba4badd7e18e58c3169) Importer(815301076,1909f56bfc062723c751e8b465ee728b)  -> (artifact id: 'ed1596eca520c3bbe26790c87bd82de5') in 0.008096 seconds 
  Import took 0.015658 seconds .

========================================================================
Received Import Request.
  Time since last request: 0.000096 seconds.
  path: Assets/3rd Party/HurricaneVR/Framework/Resources/HVRSettings.asset
  artifactKey: Guid(138a351ac8c3b014ab9eeff21f33482e) Importer(815301076,1909f56bfc062723c751e8b465ee728b)
Start importing Assets/3rd Party/HurricaneVR/Framework/Resources/HVRSettings.asset using Guid(138a351ac8c3b014ab9eeff21f33482e) Importer(815301076,1909f56bfc062723c751e8b465ee728b)  -> (artifact id: 'a0ab1db3ffd7da73484f60757f4213e7') in 0.002781 seconds 
  Import took 0.009629 seconds .

========================================================================
Received Prepare
Registering precompiled user dll's ...
Registered in 0.006213 seconds.
Begin MonoManager ReloadAssembly
Native extension for WindowsStandalone target not found
Refreshing native plugins compatible for Editor in 1.19 ms, found 6 plugins.
Preloading 1 native plugins for Editor in 0.07 ms.
Mono: successfully reloaded assembly
- Completed reload, in  1.139 seconds
Platform modules already initialized, skipping
Shader 'Universal Render Pipeline/Particles/Lit': fallback shader 'Universal Render Pipeline/Particles/SimpleLit' not found
Shader 'Universal Render Pipeline/Particles/Lit': fallback shader 'Universal Render Pipeline/Particles/SimpleLit' not found
Shader 'Oculus/OVRMRCameraFrameLit': fallback shader 'Alpha-Diffuse' not found
Refreshing native plugins compatible for Editor in 1.42 ms, found 6 plugins.
Preloading 1 native plugins for Editor in 0.08 ms.
Unloading 3632 Unused Serialized files (Serialized files now loaded: 0)
System memory in use before: 171.5 MB.
System memory in use after: 169.0 MB.

Unloading 332 unused Assets to reduce memory usage. Loaded Objects now: 4249.
Total: 4.168700 ms (FindLiveObjects: 0.351400 ms CreateObjectMapping: 0.184700 ms MarkObjects: 2.280900 ms  DeleteObjects: 1.350000 ms)

AssetImportParameters requested are different than current active one (requested -> active):
  custom:framework-win-MediaFoundation: 216162199b28c13a410421893ffa2e32 -> 
  custom:video-decoder-ogg-theora: a1e56fd34408186e4bbccfd4996cb3dc -> 
  custom:container-muxer-webm: aa71ff27fc2769a1b78a27578f13a17b -> 
  custom:container-demuxer-webm: 4f35f7cbe854078d1ac9338744f61a02 -> 
  custom:container-demuxer-ogg: 62fdf1f143b41e24485cea50d1cbac27 -> 
  custom:video-encoder-webm-vp8: eb34c28f22e8b96e1ab97ce403110664 -> 
  custom:video-decoder-webm-vp8: 9c59270c3fd7afecdb556c50c9e8de78 -> 
  custom:audio-decoder-ogg-vorbis: bf7c407c2cedff20999df2af8eb42d56 -> 
  custom:audio-encoder-webm-vorbis: bf7c407c2cedff20999df2af8eb42d56 -> 
========================================================================
Received Prepare
Registering precompiled user dll's ...
Registered in 0.006853 seconds.
Begin MonoManager ReloadAssembly
Native extension for WindowsStandalone target not found
Refreshing native plugins compatible for Editor in 1.12 ms, found 6 plugins.
Preloading 1 native plugins for Editor in 0.07 ms.
Mono: successfully reloaded assembly
- Completed reload, in  0.991 seconds
Platform modules already initialized, skipping
Shader 'Universal Render Pipeline/Particles/Lit': fallback shader 'Universal Render Pipeline/Particles/SimpleLit' not found
Shader 'Universal Render Pipeline/Particles/Lit': fallback shader 'Universal Render Pipeline/Particles/SimpleLit' not found
Shader 'Oculus/OVRMRCameraFrameLit': fallback shader 'Alpha-Diffuse' not found
Refreshing native plugins compatible for Editor in 1.12 ms, found 6 plugins.
Preloading 1 native plugins for Editor in 0.06 ms.
Unloading 3920 Unused Serialized files (Serialized files now loaded: 0)
System memory in use before: 177.8 MB.
System memory in use after: 175.3 MB.

Unloading 74 unused Assets to reduce memory usage. Loaded Objects now: 4511.
Total: 3.945800 ms (FindLiveObjects: 0.373600 ms CreateObjectMapping: 0.240600 ms MarkObjects: 2.016100 ms  DeleteObjects: 1.314200 ms)

AssetImportParameters requested are different than current active one (requested -> active):
  custom:framework-win-MediaFoundation: 216162199b28c13a410421893ffa2e32 -> 
  custom:video-decoder-ogg-theora: a1e56fd34408186e4bbccfd4996cb3dc -> 
  custom:container-muxer-webm: aa71ff27fc2769a1b78a27578f13a17b -> 
  custom:container-demuxer-webm: 4f35f7cbe854078d1ac9338744f61a02 -> 
  custom:container-demuxer-ogg: 62fdf1f143b41e24485cea50d1cbac27 -> 
  custom:video-encoder-webm-vp8: eb34c28f22e8b96e1ab97ce403110664 -> 
  custom:video-decoder-webm-vp8: 9c59270c3fd7afecdb556c50c9e8de78 -> 
  custom:audio-decoder-ogg-vorbis: bf7c407c2cedff20999df2af8eb42d56 -> 
  custom:audio-encoder-webm-vorbis: bf7c407c2cedff20999df2af8eb42d56 -> 
========================================================================
Received Import Request.
  Time since last request: 177.614814 seconds.
  path: Assets/HurricaneVR
  artifactKey: Guid(10fa3d7aa82fb3341a71c742a7fe5140) Importer(815301076,1909f56bfc062723c751e8b465ee728b)
Start importing Assets/HurricaneVR using Guid(10fa3d7aa82fb3341a71c742a7fe5140) Importer(815301076,1909f56bfc062723c751e8b465ee728b)  -> (artifact id: 'e48a8c780f67b779796be52dc4d19585') in 0.010077 seconds 
  Import took 0.016089 seconds .

========================================================================
Received Import Request.
  Time since last request: 5.284425 seconds.
  path: Assets/HurricaneVR/Framework/Integrations/OculusIntegration.unitypackage
  artifactKey: Guid(19be22f6bb3775a478ef0c441b6c3a20) Importer(815301076,1909f56bfc062723c751e8b465ee728b)
Start importing Assets/HurricaneVR/Framework/Integrations/OculusIntegration.unitypackage using Guid(19be22f6bb3775a478ef0c441b6c3a20) Importer(815301076,1909f56bfc062723c751e8b465ee728b)  -> (artifact id: 'f952361d26d8639a9b3455d3fa5d1e82') in 0.054634 seconds 
  Import took 0.060901 seconds .

========================================================================
Received Prepare
Registering precompiled user dll's ...
Registered in 0.005649 seconds.
Begin MonoManager ReloadAssembly
Native extension for WindowsStandalone target not found
Refreshing native plugins compatible for Editor in 0.99 ms, found 6 plugins.
Preloading 1 native plugins for Editor in 0.06 ms.
Mono: successfully reloaded assembly
- Completed reload, in  0.953 seconds
Platform modules already initialized, skipping
Shader 'Universal Render Pipeline/Particles/Lit': fallback shader 'Universal Render Pipeline/Particles/SimpleLit' not found
Shader 'Universal Render Pipeline/Particles/Lit': fallback shader 'Universal Render Pipeline/Particles/SimpleLit' not found
Shader 'Oculus/OVRMRCameraFrameLit': fallback shader 'Alpha-Diffuse' not found
Refreshing native plugins compatible for Editor in 1.03 ms, found 6 plugins.
Preloading 1 native plugins for Editor in 0.06 ms.
Unloading 3920 Unused Serialized files (Serialized files now loaded: 0)
System memory in use before: 181.2 MB.
System memory in use after: 178.7 MB.

Unloading 74 unused Assets to reduce memory usage. Loaded Objects now: 4517.
Total: 3.903000 ms (FindLiveObjects: 0.318000 ms CreateObjectMapping: 0.204300 ms MarkObjects: 2.329500 ms  DeleteObjects: 1.050000 ms)

AssetImportParameters requested are different than current active one (requested -> active):
  custom:framework-win-MediaFoundation: 216162199b28c13a410421893ffa2e32 -> 
  custom:video-decoder-ogg-theora: a1e56fd34408186e4bbccfd4996cb3dc -> 
  custom:container-muxer-webm: aa71ff27fc2769a1b78a27578f13a17b -> 
  custom:container-demuxer-webm: 4f35f7cbe854078d1ac9338744f61a02 -> 
  custom:container-demuxer-ogg: 62fdf1f143b41e24485cea50d1cbac27 -> 
  custom:video-encoder-webm-vp8: eb34c28f22e8b96e1ab97ce403110664 -> 
  custom:video-decoder-webm-vp8: 9c59270c3fd7afecdb556c50c9e8de78 -> 
  custom:audio-decoder-ogg-vorbis: bf7c407c2cedff20999df2af8eb42d56 -> 
  custom:audio-encoder-webm-vorbis: bf7c407c2cedff20999df2af8eb42d56 -> 
AssetImportWorkerClient::OnTransportError - code=2 error=End of file
